<?xml version="1.0" encoding="UTF-8"?>
<!-- Generated by org.testng.reporters.JUnitXMLReporter -->
<testsuite ignored="0" hostname="Kwan-PC" failures="0" tests="5" name="Default test" time="7.07" errors="0" timestamp="2021-05-17T00:52:47 SGT">
  <testcase classname="TestApi" name="test1_post" time="4.336"/>
  <testcase classname="TestApi" name="test2_put" time="0.737"/>
  <testcase classname="TestApi" name="test3_patch" time="0.744"/>
  <testcase classname="TestApi" name="test4_get" time="0.434"/>
  <testcase classname="TestApi" name="test5_delete" time="0.722"/>
</testsuite> <!-- Default test -->
