<?xml version="1.0" encoding="UTF-8"?>
<testng-results ignored="0" total="5" passed="5" failed="0" skipped="0">
  <reporter-output>
  </reporter-output>
  <suite started-at="2021-05-17T00:52:40 SGT" name="Default suite" finished-at="2021-05-17T00:52:47 SGT" duration-ms="7070">
    <groups>
    </groups>
    <test started-at="2021-05-17T00:52:40 SGT" name="Default test" finished-at="2021-05-17T00:52:47 SGT" duration-ms="7070">
      <class name="TestApi">
        <test-method signature="test1_post()[pri:0, instance:TestApi@13b13b5d]" started-at="2021-05-17T00:52:40 SGT" name="test1_post" finished-at="2021-05-17T00:52:44 SGT" duration-ms="4336" status="PASS">
          <reporter-output>
          </reporter-output>
        </test-method> <!-- test1_post -->
        <test-method signature="test2_put()[pri:0, instance:TestApi@13b13b5d]" started-at="2021-05-17T00:52:44 SGT" name="test2_put" finished-at="2021-05-17T00:52:45 SGT" duration-ms="737" status="PASS">
          <reporter-output>
          </reporter-output>
        </test-method> <!-- test2_put -->
        <test-method signature="test3_patch()[pri:0, instance:TestApi@13b13b5d]" started-at="2021-05-17T00:52:45 SGT" name="test3_patch" finished-at="2021-05-17T00:52:46 SGT" duration-ms="744" status="PASS">
          <reporter-output>
          </reporter-output>
        </test-method> <!-- test3_patch -->
        <test-method signature="test4_get()[pri:0, instance:TestApi@13b13b5d]" started-at="2021-05-17T00:52:46 SGT" name="test4_get" finished-at="2021-05-17T00:52:46 SGT" duration-ms="434" status="PASS">
          <reporter-output>
          </reporter-output>
        </test-method> <!-- test4_get -->
        <test-method signature="test5_delete()[pri:0, instance:TestApi@13b13b5d]" started-at="2021-05-17T00:52:46 SGT" name="test5_delete" finished-at="2021-05-17T00:52:47 SGT" duration-ms="722" status="PASS">
          <reporter-output>
          </reporter-output>
        </test-method> <!-- test5_delete -->
      </class> <!-- TestApi -->
    </test> <!-- Default test -->
  </suite> <!-- Default suite -->
</testng-results>
